<?xml version="1.0" encoding="UTF-8"?>
<!-- Generated by org.testng.reporters.JUnitXMLReporter -->
<testsuite ignored="0" hostname="MT-31195758H" failures="0" tests="4" name="Test" time="91.131" errors="0" timestamp="2021-11-21T13:48:38 IST">
  <testcase classname="easydiner.LocationSearch" name="locatinSearch" time="30.809"/>
  <testcase classname="easydiner.Help" name="testHelpTC" time="17.944"/>
  <testcase classname="easydiner.Takeaway" name="Take" time="27.03"/>
  <testcase classname="easydiner.SearchRestaurant" name="RestaurantSearch" time="15.271"/>
</testsuite> <!-- Test -->
