<?xml version="1.0" encoding="UTF-8"?>
<testng-results ignored="0" total="4" passed="4" failed="0" skipped="0">
  <reporter-output>
  </reporter-output>
  <suite started-at="2021-11-21T13:47:07 IST" name="Suite" finished-at="2021-11-21T13:48:38 IST" duration-ms="91131">
    <groups>
    </groups>
    <test started-at="2021-11-21T13:47:07 IST" name="Test" finished-at="2021-11-21T13:48:38 IST" duration-ms="91131">
      <class name="easydiner.SearchRestaurant">
        <test-method signature="RestaurantSearch()[pri:0, instance:easydiner.SearchRestaurant@3aac250a]" started-at="2021-11-21T13:48:23 IST" name="RestaurantSearch" finished-at="2021-11-21T13:48:38 IST" duration-ms="15271" status="PASS">
          <reporter-output>
          </reporter-output>
        </test-method> <!-- RestaurantSearch -->
      </class> <!-- easydiner.SearchRestaurant -->
      <class name="easydiner.Takeaway">
        <test-method signature="Take()[pri:0, instance:easydiner.Takeaway@dd7c0eac]" started-at="2021-11-21T13:47:56 IST" name="Take" finished-at="2021-11-21T13:48:23 IST" duration-ms="27030" status="PASS">
          <reporter-output>
          </reporter-output>
        </test-method> <!-- Take -->
      </class> <!-- easydiner.Takeaway -->
      <class name="easydiner.LocationSearch">
        <test-method signature="locatinSearch()[pri:0, instance:easydiner.LocationSearch@d1f36162]" started-at="2021-11-21T13:47:07 IST" name="locatinSearch" finished-at="2021-11-21T13:47:38 IST" duration-ms="30809" status="PASS">
          <reporter-output>
          </reporter-output>
        </test-method> <!-- locatinSearch -->
      </class> <!-- easydiner.LocationSearch -->
      <class name="easydiner.Help">
        <test-method signature="testHelpTC()[pri:0, instance:easydiner.Help@8de475bd]" started-at="2021-11-21T13:47:38 IST" name="testHelpTC" finished-at="2021-11-21T13:47:56 IST" duration-ms="17944" status="PASS">
          <reporter-output>
          </reporter-output>
        </test-method> <!-- testHelpTC -->
      </class> <!-- easydiner.Help -->
    </test> <!-- Test -->
  </suite> <!-- Suite -->
</testng-results>
